<?xml version="1.0" encoding="UTF-8"?>
<!-- Generated by org.testng.reporters.JUnitXMLReporter -->
<testsuite hostname="HIBACL66562" ignored="0" name="Motorola" tests="4" failures="0" timestamp="2020-08-10T13:42:03 IST" time="39.424" errors="0">
  <testcase name="@AfterTest afterTestExecution" time="-1.597047123474E9" classname="framework.SearchTest">
    <failure type="org.testng.TestNGException" message="
Can inject only one of &amp;lt;ITestContext, XmlTest&amp;gt; into a @AfterTest annotated afterTestExecution.
For more information on native dependency injection please refer to http://testng.org/doc/documentation-main.html#native-dependency-injection">
      <![CDATA[org.testng.TestNGException: 
Can inject only one of <ITestContext, XmlTest> into a @AfterTest annotated afterTestExecution.
For more information on native dependency injection please refer to http://testng.org/doc/documentation-main.html#native-dependency-injection
at java.util.concurrent.FutureTask.run(FutureTask.java:266)
at java.util.concurrent.ThreadPoolExecutor.runWorker(ThreadPoolExecutor.java:1142)
at java.util.concurrent.ThreadPoolExecutor$Worker.run(ThreadPoolExecutor.java:617)
at java.lang.Thread.run(Thread.java:745)
... Removed 12 stack frames]]>
    </failure>
  </testcase> <!-- @AfterTest afterTestExecution -->
  <testcase name="sampleFailTestCase" time="0.118" classname="framework.SearchTest"/>
  <testcase name="samplePassTestCase" time="2.004" classname="framework.SearchTest"/>
  <testcase name="sampleFailTestCase" time="1.532" classname="framework.SearchTest"/>
  <testcase name="samplePassTestCase" time="0.16" classname="framework.SearchTest"/>
</testsuite> <!-- Motorola -->
