<?xml version="1.0" encoding="UTF-8"?>
<testng-results skipped="4" failed="0" ignored="0" total="4" passed="0">
  <reporter-output>
  </reporter-output>
  <suite name="Suite" duration-ms="106" started-at="2020-07-28T10:12:09 IST" finished-at="2020-07-28T10:12:09 IST">
    <groups>
    </groups>
    <test name="Motorola" duration-ms="106" started-at="2020-07-28T10:12:09 IST" finished-at="2020-07-28T10:12:09 IST">
      <class name="framework.SearchTest">
        <test-method status="FAIL" signature="startAppiumServer(java.lang.String)[pri:0, instance:framework.SearchTest@307f6b8c]" name="startAppiumServer" is-config="true" duration-ms="-1595911329229" started-at="2020-07-28T10:12:09 IST" finished-at="1970-01-01T05:30:00 IST">
          <exception class="org.testng.TestNGException">
            <message>
              <![CDATA[
Parameter 'portNumber' is required by BeforeSuite on method startAppiumServer but has not been marked @Optional or defined
in C:\Users\akumsrivasta\git\AppiumParallelExecution\AppiumDemo\testngPara.xml]]>
            </message>
            <full-stacktrace>
              <![CDATA[org.testng.TestNGException: 
Parameter 'portNumber' is required by BeforeSuite on method startAppiumServer but has not been marked @Optional or defined
in C:\Users\akumsrivasta\git\AppiumParallelExecution\AppiumDemo\testngPara.xml
at org.testng.internal.Parameters.createParams(Parameters.java:289)
at org.testng.internal.Parameters.createParametersForMethod(Parameters.java:377)
at org.testng.internal.Parameters.createParameters(Parameters.java:721)
at org.testng.internal.Parameters.createConfigurationParameters(Parameters.java:164)
at org.testng.internal.ConfigInvoker.invokeConfigurations(ConfigInvoker.java:275)
at org.testng.SuiteRunner.privateRun(SuiteRunner.java:345)
at org.testng.SuiteRunner.run(SuiteRunner.java:304)
at org.testng.SuiteRunnerWorker.runSuite(SuiteRunnerWorker.java:53)
at org.testng.SuiteRunnerWorker.run(SuiteRunnerWorker.java:96)
at org.testng.TestNG.runSuitesSequentially(TestNG.java:1180)
at org.testng.TestNG.runSuitesLocally(TestNG.java:1102)
at org.testng.TestNG.runSuites(TestNG.java:1032)
at org.testng.TestNG.run(TestNG.java:1000)
at org.testng.remote.AbstractRemoteTestNG.run(AbstractRemoteTestNG.java:115)
at org.testng.remote.RemoteTestNG.initAndRun(RemoteTestNG.java:251)
at org.testng.remote.RemoteTestNG.main(RemoteTestNG.java:77)
]]>
            </full-stacktrace>
          </exception> <!-- org.testng.TestNGException -->
          <reporter-output>
          </reporter-output>
        </test-method> <!-- startAppiumServer -->
        <test-method status="SKIP" signature="TestSetUp(java.lang.String, java.lang.String, java.lang.String)[pri:0, instance:framework.SearchTest@307f6b8c]" name="TestSetUp" is-config="true" duration-ms="-1595911329278" started-at="2020-07-28T10:12:09 IST" finished-at="1970-01-01T05:30:00 IST">
          <reporter-output>
          </reporter-output>
        </test-method> <!-- TestSetUp -->
        <test-method status="SKIP" signature="sampleFailTestCase(java.lang.String)[pri:0, instance:framework.SearchTest@307f6b8c]" name="sampleFailTestCase" duration-ms="0" started-at="2020-07-28T10:12:09 IST" finished-at="2020-07-28T10:12:09 IST">
          <exception class="org.testng.TestNGException">
            <message>
              <![CDATA[
Parameter 'portNumber' is required by BeforeSuite on method startAppiumServer but has not been marked @Optional or defined
in C:\Users\akumsrivasta\git\AppiumParallelExecution\AppiumDemo\testngPara.xml]]>
            </message>
            <full-stacktrace>
              <![CDATA[org.testng.TestNGException: 
Parameter 'portNumber' is required by BeforeSuite on method startAppiumServer but has not been marked @Optional or defined
in C:\Users\akumsrivasta\git\AppiumParallelExecution\AppiumDemo\testngPara.xml
at org.testng.internal.Parameters.createParams(Parameters.java:289)
at org.testng.internal.Parameters.createParametersForMethod(Parameters.java:377)
at org.testng.internal.Parameters.createParameters(Parameters.java:721)
at org.testng.internal.Parameters.createConfigurationParameters(Parameters.java:164)
at org.testng.internal.ConfigInvoker.invokeConfigurations(ConfigInvoker.java:275)
at org.testng.SuiteRunner.privateRun(SuiteRunner.java:345)
at org.testng.SuiteRunner.run(SuiteRunner.java:304)
at org.testng.SuiteRunnerWorker.runSuite(SuiteRunnerWorker.java:53)
at org.testng.SuiteRunnerWorker.run(SuiteRunnerWorker.java:96)
at org.testng.TestNG.runSuitesSequentially(TestNG.java:1180)
at org.testng.TestNG.runSuitesLocally(TestNG.java:1102)
at org.testng.TestNG.runSuites(TestNG.java:1032)
at org.testng.TestNG.run(TestNG.java:1000)
at org.testng.remote.AbstractRemoteTestNG.run(AbstractRemoteTestNG.java:115)
at org.testng.remote.RemoteTestNG.initAndRun(RemoteTestNG.java:251)
at org.testng.remote.RemoteTestNG.main(RemoteTestNG.java:77)
]]>
            </full-stacktrace>
          </exception> <!-- org.testng.TestNGException -->
          <reporter-output>
          </reporter-output>
        </test-method> <!-- sampleFailTestCase -->
        <test-method status="SKIP" signature="samplePassTestCase(java.lang.String)[pri:0, instance:framework.SearchTest@307f6b8c]" name="samplePassTestCase" duration-ms="0" started-at="2020-07-28T10:12:09 IST" finished-at="2020-07-28T10:12:09 IST">
          <exception class="org.testng.TestNGException">
            <message>
              <![CDATA[
Parameter 'portNumber' is required by BeforeSuite on method startAppiumServer but has not been marked @Optional or defined
in C:\Users\akumsrivasta\git\AppiumParallelExecution\AppiumDemo\testngPara.xml]]>
            </message>
            <full-stacktrace>
              <![CDATA[org.testng.TestNGException: 
Parameter 'portNumber' is required by BeforeSuite on method startAppiumServer but has not been marked @Optional or defined
in C:\Users\akumsrivasta\git\AppiumParallelExecution\AppiumDemo\testngPara.xml
at org.testng.internal.Parameters.createParams(Parameters.java:289)
at org.testng.internal.Parameters.createParametersForMethod(Parameters.java:377)
at org.testng.internal.Parameters.createParameters(Parameters.java:721)
at org.testng.internal.Parameters.createConfigurationParameters(Parameters.java:164)
at org.testng.internal.ConfigInvoker.invokeConfigurations(ConfigInvoker.java:275)
at org.testng.SuiteRunner.privateRun(SuiteRunner.java:345)
at org.testng.SuiteRunner.run(SuiteRunner.java:304)
at org.testng.SuiteRunnerWorker.runSuite(SuiteRunnerWorker.java:53)
at org.testng.SuiteRunnerWorker.run(SuiteRunnerWorker.java:96)
at org.testng.TestNG.runSuitesSequentially(TestNG.java:1180)
at org.testng.TestNG.runSuitesLocally(TestNG.java:1102)
at org.testng.TestNG.runSuites(TestNG.java:1032)
at org.testng.TestNG.run(TestNG.java:1000)
at org.testng.remote.AbstractRemoteTestNG.run(AbstractRemoteTestNG.java:115)
at org.testng.remote.RemoteTestNG.initAndRun(RemoteTestNG.java:251)
at org.testng.remote.RemoteTestNG.main(RemoteTestNG.java:77)
]]>
            </full-stacktrace>
          </exception> <!-- org.testng.TestNGException -->
          <reporter-output>
          </reporter-output>
        </test-method> <!-- samplePassTestCase -->
        <test-method status="SKIP" signature="afterTestExecution(org.testng.ITestResult)[pri:0, instance:framework.SearchTest@307f6b8c]" name="afterTestExecution" is-config="true" duration-ms="-1595911329373" started-at="2020-07-28T10:12:09 IST" finished-at="1970-01-01T05:30:00 IST">
          <reporter-output>
          </reporter-output>
        </test-method> <!-- afterTestExecution -->
      </class> <!-- framework.SearchTest -->
    </test> <!-- Motorola -->
    <test name="TestGooglePixel" duration-ms="104" started-at="2020-07-28T10:12:09 IST" finished-at="2020-07-28T10:12:09 IST">
      <class name="framework.SearchTest">
        <test-method status="SKIP" signature="TestSetUp(java.lang.String, java.lang.String, java.lang.String)[pri:0, instance:framework.SearchTest@704a52ec]" name="TestSetUp" is-config="true" duration-ms="-1595911329282" started-at="2020-07-28T10:12:09 IST" finished-at="1970-01-01T05:30:00 IST">
          <reporter-output>
          </reporter-output>
        </test-method> <!-- TestSetUp -->
        <test-method status="SKIP" signature="sampleFailTestCase(java.lang.String)[pri:0, instance:framework.SearchTest@704a52ec]" name="sampleFailTestCase" duration-ms="0" started-at="2020-07-28T10:12:09 IST" finished-at="2020-07-28T10:12:09 IST">
          <reporter-output>
          </reporter-output>
        </test-method> <!-- sampleFailTestCase -->
        <test-method status="SKIP" signature="samplePassTestCase(java.lang.String)[pri:0, instance:framework.SearchTest@704a52ec]" name="samplePassTestCase" duration-ms="0" started-at="2020-07-28T10:12:09 IST" finished-at="2020-07-28T10:12:09 IST">
          <reporter-output>
          </reporter-output>
        </test-method> <!-- samplePassTestCase -->
        <test-method status="SKIP" signature="afterTestExecution(org.testng.ITestResult)[pri:0, instance:framework.SearchTest@704a52ec]" name="afterTestExecution" is-config="true" duration-ms="-1595911329373" started-at="2020-07-28T10:12:09 IST" finished-at="1970-01-01T05:30:00 IST">
          <reporter-output>
          </reporter-output>
        </test-method> <!-- afterTestExecution -->
      </class> <!-- framework.SearchTest -->
    </test> <!-- TestGooglePixel -->
  </suite> <!-- Suite -->
</testng-results>
