<?xml version="1.0" encoding="UTF-8"?>
<testng-results skipped="0" failed="0" ignored="0" total="2" passed="2">
  <reporter-output>
  </reporter-output>
  <suite name="Suite" duration-ms="32632" started-at="2020-08-10T14:01:43 IST" finished-at="2020-08-10T14:02:15 IST">
    <groups>
    </groups>
    <test name="TestGooglePixel" duration-ms="32632" started-at="2020-08-10T14:01:43 IST" finished-at="2020-08-10T14:02:15 IST">
      <class name="framework.SearchTest">
        <test-method status="PASS" signature="TestSetUp(java.lang.String, java.lang.String, java.lang.String)[pri:0, instance:framework.SearchTest@e320068]" name="TestSetUp" is-config="true" duration-ms="30884" started-at="2020-08-10T14:01:43 IST" finished-at="2020-08-10T14:02:14 IST">
          <params>
            <param index="0">
              <value>
                <![CDATA[Google Pixel 2XL]]>
              </value>
            </param>
            <param index="1">
              <value>
                <![CDATA[7.1.2]]>
              </value>
            </param>
            <param index="2">
              <value>
                <![CDATA[emulator-5554]]>
              </value>
            </param>
          </params>
          <reporter-output>
          </reporter-output>
        </test-method> <!-- TestSetUp -->
        <test-method status="PASS" signature="sampleFailTestCase(java.lang.String)[pri:0, instance:framework.SearchTest@e320068]" name="sampleFailTestCase" duration-ms="58" started-at="2020-08-10T14:02:14 IST" finished-at="2020-08-10T14:02:14 IST">
          <params>
            <param index="0">
              <value>
                <![CDATA[Google Pixel 2XL]]>
              </value>
            </param>
          </params>
          <reporter-output>
          </reporter-output>
        </test-method> <!-- sampleFailTestCase -->
        <test-method status="PASS" signature="samplePassTestCase(java.lang.String)[pri:0, instance:framework.SearchTest@e320068]" name="samplePassTestCase" duration-ms="1289" started-at="2020-08-10T14:02:14 IST" finished-at="2020-08-10T14:02:15 IST">
          <params>
            <param index="0">
              <value>
                <![CDATA[Google Pixel 2XL]]>
              </value>
            </param>
          </params>
          <reporter-output>
          </reporter-output>
        </test-method> <!-- samplePassTestCase -->
        <test-method status="FAIL" signature="afterTestExecution()[pri:0, instance:framework.SearchTest@e320068]" name="afterTestExecution" is-config="true" duration-ms="165" started-at="2020-08-10T14:02:15 IST" finished-at="2020-08-10T14:02:15 IST">
          <exception class="org.openqa.selenium.UnsupportedCommandException">
            <message>
              <![CDATA[Method has not yet been implemented
Build info: version: '3.141.59', revision: 'e82be7d358', time: '2018-11-14T08:17:03'
System info: host: 'HIBACL66562', ip: '10.45.82.237', os.name: 'Windows 10', os.arch: 'amd64', os.version: '10.0', java.version: '1.8.0_91'
Driver info: io.appium.java_client.AppiumDriver
Capabilities {app: C:\Users\akumsrivasta\Deskt..., appActivity: com.example.roche.view.Main..., appPackage: com.example.roche, appWaitActivity: com.example.roche.view.Main..., appWaitPackage: com.example.roche, databaseEnabled: false, desired: {app: C:\Users\akumsrivasta\Deskt..., deviceName: Google Pixel 2XL, newCommandTimeout: 60, platformName: android, platformVersion: 7.1.2, udid: emulator-5554}, deviceManufacturer: Google, deviceModel: PIXEL 2 XL, deviceName: emulator-5554, deviceScreenSize: 1440x2560, deviceUDID: emulator-5554, javascriptEnabled: true, locationContextEnabled: false, networkConnectionEnabled: true, newCommandTimeout: 60, platform: LINUX, platformName: ANDROID, platformVersion: 7.1.2, takesScreenshot: true, udid: emulator-5554, warnings: {}, webStorageEnabled: false}
Session ID: bdb7de18-763b-4837-bbb9-cc6b1a147272]]>
            </message>
            <full-stacktrace>
              <![CDATA[org.openqa.selenium.UnsupportedCommandException: Method has not yet been implemented
Build info: version: '3.141.59', revision: 'e82be7d358', time: '2018-11-14T08:17:03'
System info: host: 'HIBACL66562', ip: '10.45.82.237', os.name: 'Windows 10', os.arch: 'amd64', os.version: '10.0', java.version: '1.8.0_91'
Driver info: io.appium.java_client.AppiumDriver
Capabilities {app: C:\Users\akumsrivasta\Deskt..., appActivity: com.example.roche.view.Main..., appPackage: com.example.roche, appWaitActivity: com.example.roche.view.Main..., appWaitPackage: com.example.roche, databaseEnabled: false, desired: {app: C:\Users\akumsrivasta\Deskt..., deviceName: Google Pixel 2XL, newCommandTimeout: 60, platformName: android, platformVersion: 7.1.2, udid: emulator-5554}, deviceManufacturer: Google, deviceModel: PIXEL 2 XL, deviceName: emulator-5554, deviceScreenSize: 1440x2560, deviceUDID: emulator-5554, javascriptEnabled: true, locationContextEnabled: false, networkConnectionEnabled: true, newCommandTimeout: 60, platform: LINUX, platformName: ANDROID, platformVersion: 7.1.2, takesScreenshot: true, udid: emulator-5554, warnings: {}, webStorageEnabled: false}
Session ID: bdb7de18-763b-4837-bbb9-cc6b1a147272
at sun.reflect.NativeConstructorAccessorImpl.newInstance0(Native Method)
at sun.reflect.NativeConstructorAccessorImpl.newInstance(NativeConstructorAccessorImpl.java:62)
at sun.reflect.DelegatingConstructorAccessorImpl.newInstance(DelegatingConstructorAccessorImpl.java:45)
at java.lang.reflect.Constructor.newInstance(Constructor.java:423)
at org.openqa.selenium.remote.http.W3CHttpResponseCodec.createException(W3CHttpResponseCodec.java:187)
at org.openqa.selenium.remote.http.W3CHttpResponseCodec.decode(W3CHttpResponseCodec.java:122)
at org.openqa.selenium.remote.http.W3CHttpResponseCodec.decode(W3CHttpResponseCodec.java:49)
at org.openqa.selenium.remote.HttpCommandExecutor.execute(HttpCommandExecutor.java:158)
at io.appium.java_client.remote.AppiumCommandExecutor.execute(AppiumCommandExecutor.java:239)
at org.openqa.selenium.remote.RemoteWebDriver.execute(RemoteWebDriver.java:552)
at io.appium.java_client.DefaultGenericMobileDriver.execute(DefaultGenericMobileDriver.java:45)
at io.appium.java_client.AppiumDriver.execute(AppiumDriver.java:1)
at org.openqa.selenium.remote.RemoteWebDriver.close(RemoteWebDriver.java:442)
at framework.BaseTest.afterTestExecution(BaseTest.java:91)
at sun.reflect.NativeMethodAccessorImpl.invoke0(Native Method)
at sun.reflect.NativeMethodAccessorImpl.invoke(NativeMethodAccessorImpl.java:62)
at sun.reflect.DelegatingMethodAccessorImpl.invoke(DelegatingMethodAccessorImpl.java:43)
at java.lang.reflect.Method.invoke(Method.java:498)
at org.testng.internal.MethodInvocationHelper.invokeMethod(MethodInvocationHelper.java:133)
at org.testng.internal.MethodInvocationHelper.invokeMethodConsideringTimeout(MethodInvocationHelper.java:62)
at org.testng.internal.ConfigInvoker.invokeConfigurationMethod(ConfigInvoker.java:340)
at org.testng.internal.ConfigInvoker.invokeConfigurations(ConfigInvoker.java:294)
at org.testng.TestRunner.invokeTestConfigurations(TestRunner.java:623)
at org.testng.TestRunner.afterRun(TestRunner.java:853)
at org.testng.TestRunner.run(TestRunner.java:594)
at org.testng.SuiteRunner.runTest(SuiteRunner.java:402)
at org.testng.SuiteRunner.access$000(SuiteRunner.java:41)
at org.testng.SuiteRunner$SuiteWorker.run(SuiteRunner.java:443)
at org.testng.internal.thread.ThreadUtil.lambda$execute$0(ThreadUtil.java:67)
at java.util.concurrent.FutureTask.run(FutureTask.java:266)
at java.util.concurrent.ThreadPoolExecutor.runWorker(ThreadPoolExecutor.java:1142)
at java.util.concurrent.ThreadPoolExecutor$Worker.run(ThreadPoolExecutor.java:617)
at java.lang.Thread.run(Thread.java:745)
]]>
            </full-stacktrace>
          </exception> <!-- org.openqa.selenium.UnsupportedCommandException -->
          <reporter-output>
          </reporter-output>
        </test-method> <!-- afterTestExecution -->
      </class> <!-- framework.SearchTest -->
    </test> <!-- TestGooglePixel -->
  </suite> <!-- Suite -->
</testng-results>
